<?xml version="1.0" encoding="UTF-8"?>
<testsuite name="com.bookstore.inventoryservice.InventoryServiceApplicationTests" tests="1" skipped="0" failures="0" errors="0" timestamp="2023-01-20T20:58:26" hostname="DESKTOP-GFRUB0O" time="0.28">
  <properties/>
  <testcase name="contextLoads()" classname="com.bookstore.inventoryservice.InventoryServiceApplicationTests" time="0.28"/>
  <system-out><![CDATA[00:58:18.154 [Test worker] DEBUG org.springframework.boot.test.context.SpringBootTestContextBootstrapper - Neither @ContextConfiguration nor @ContextHierarchy found for test class [InventoryServiceApplicationTests]: using SpringBootContextLoader
00:58:18.162 [Test worker] DEBUG org.springframework.test.context.support.AbstractContextLoader - Could not detect default resource locations for test class [com.bookstore.inventoryservice.InventoryServiceApplicationTests]: no resource found for suffixes {-context.xml, Context.groovy}.
00:58:18.163 [Test worker] INFO org.springframework.test.context.support.AnnotationConfigContextLoaderUtils - Could not detect default configuration classes for test class [com.bookstore.inventoryservice.InventoryServiceApplicationTests]: InventoryServiceApplicationTests does not declare any static, non-private, non-final, nested classes annotated with @Configuration.
00:58:18.208 [Test worker] DEBUG org.springframework.boot.test.context.SpringBootTestContextBootstrapper - Using ContextCustomizers for test class [InventoryServiceApplicationTests]: [DisableObservabilityContextCustomizer, PropertyMappingContextCustomizer, Customizer, ExcludeFilterContextCustomizer, DuplicateJsonObjectContextCustomizer, MockitoContextCustomizer, TestRestTemplateContextCustomizer]
00:58:18.335 [Test worker] DEBUG org.springframework.context.annotation.ClassPathScanningCandidateComponentProvider - Identified candidate component class: file [C:\Users\gsynv\OneDrive\Masaüstü\microservices-news\inventory-service\build\classes\java\main\com\bookstore\inventoryservice\InventoryServiceApplication.class]
00:58:18.338 [Test worker] INFO org.springframework.boot.test.context.SpringBootTestContextBootstrapper - Found @SpringBootConfiguration com.bookstore.inventoryservice.InventoryServiceApplication for test class com.bookstore.inventoryservice.InventoryServiceApplicationTests
00:58:18.558 [Test worker] DEBUG org.springframework.boot.test.context.SpringBootTestContextBootstrapper - Using TestExecutionListeners for test class [InventoryServiceApplicationTests]: [ServletTestExecutionListener, DirtiesContextBeforeModesTestExecutionListener, ApplicationEventsTestExecutionListener, MockitoTestExecutionListener, DependencyInjectionTestExecutionListener, DirtiesContextTestExecutionListener, TransactionalTestExecutionListener, SqlScriptsTestExecutionListener, EventPublishingTestExecutionListener, RestDocsTestExecutionListener, MockRestServiceServerResetTestExecutionListener, MockMvcPrintOnlyOnFailureTestExecutionListener, WebDriverTestExecutionListener, MockWebServiceServerTestExecutionListener, ResetMocksTestExecutionListener]
00:58:18.561 [Test worker] DEBUG org.springframework.test.context.support.AbstractDirtiesContextTestExecutionListener - Before test class: class [InventoryServiceApplicationTests], class annotated with @DirtiesContext [false] with mode [null]

  .   ____          _            __ _ _
 /\\ / ___'_ __ _ _(_)_ __  __ _ \ \ \ \
( ( )\___ | '_ | '_| | '_ \/ _` | \ \ \ \
 \\/  ___)| |_)| | | | | || (_| |  ) ) ) )
  '  |____| .__|_| |_|_| |_\__, | / / / /
 =========|_|==============|___/=/_/_/_/
 :: Spring Boot ::                (v3.0.1)

2023-01-21T00:58:19.227+04:00  INFO 4592 --- [    Test worker] c.b.i.InventoryServiceApplicationTests   : Starting InventoryServiceApplicationTests using Java 17.0.5 with PID 4592 (started by gsynv in C:\Users\gsynv\OneDrive\Masaüstü\microservices-news\inventory-service)
2023-01-21T00:58:19.234+04:00  INFO 4592 --- [    Test worker] c.b.i.InventoryServiceApplicationTests   : No active profile set, falling back to 1 default profile: "default"
2023-01-21T00:58:20.502+04:00  INFO 4592 --- [    Test worker] .s.d.r.c.RepositoryConfigurationDelegate : Bootstrapping Spring Data JPA repositories in DEFAULT mode.
2023-01-21T00:58:20.620+04:00  INFO 4592 --- [    Test worker] .s.d.r.c.RepositoryConfigurationDelegate : Finished Spring Data repository scanning in 103 ms. Found 1 JPA repository interfaces.
2023-01-21T00:58:21.771+04:00  INFO 4592 --- [    Test worker] o.hibernate.jpa.internal.util.LogHelper  : HHH000204: Processing PersistenceUnitInfo [name: default]
2023-01-21T00:58:21.870+04:00  INFO 4592 --- [    Test worker] org.hibernate.Version                    : HHH000412: Hibernate ORM core version 6.1.6.Final
2023-01-21T00:58:22.238+04:00  WARN 4592 --- [    Test worker] org.hibernate.orm.deprecation            : HHH90000021: Encountered deprecated setting [javax.persistence.sharedCache.mode], use [jakarta.persistence.sharedCache.mode] instead
2023-01-21T00:58:22.485+04:00  INFO 4592 --- [    Test worker] com.zaxxer.hikari.HikariDataSource       : HikariPool-1 - Starting...
2023-01-21T00:58:22.909+04:00  INFO 4592 --- [    Test worker] com.zaxxer.hikari.pool.HikariPool        : HikariPool-1 - Added connection org.postgresql.jdbc.PgConnection@710ae6a7
2023-01-21T00:58:22.915+04:00  INFO 4592 --- [    Test worker] com.zaxxer.hikari.HikariDataSource       : HikariPool-1 - Start completed.
2023-01-21T00:58:23.023+04:00  INFO 4592 --- [    Test worker] SQL dialect                              : HHH000400: Using dialect: org.hibernate.dialect.PostgreSQLDialect
2023-01-21T00:58:24.456+04:00  INFO 4592 --- [    Test worker] o.h.e.t.j.p.i.JtaPlatformInitiator       : HHH000490: Using JtaPlatform implementation: [org.hibernate.engine.transaction.jta.platform.internal.NoJtaPlatform]
2023-01-21T00:58:24.469+04:00  INFO 4592 --- [    Test worker] j.LocalContainerEntityManagerFactoryBean : Initialized JPA EntityManagerFactory for persistence unit 'default'
2023-01-21T00:58:25.310+04:00  WARN 4592 --- [    Test worker] JpaBaseConfiguration$JpaWebConfiguration : spring.jpa.open-in-view is enabled by default. Therefore, database queries may be performed during view rendering. Explicitly configure spring.jpa.open-in-view to disable this warning
2023-01-21T00:58:25.913+04:00  INFO 4592 --- [    Test worker] c.b.i.InventoryServiceApplicationTests   : Started InventoryServiceApplicationTests in 7.265 seconds (process running for 9.361)
]]></system-out>
  <system-err><![CDATA[]]></system-err>
</testsuite>
