<?xml version="1.0" encoding="UTF-8"?>
<testsuite name="com.boookstore.orderservice.OrderserviceApplicationTests" tests="1" skipped="0" failures="0" errors="0" timestamp="2023-01-20T20:58:37" hostname="DESKTOP-GFRUB0O" time="0.278">
  <properties/>
  <testcase name="contextLoads()" classname="com.boookstore.orderservice.OrderserviceApplicationTests" time="0.278"/>
  <system-out><![CDATA[00:58:30.910 [Test worker] DEBUG org.springframework.boot.test.context.SpringBootTestContextBootstrapper - Neither @ContextConfiguration nor @ContextHierarchy found for test class [OrderserviceApplicationTests]: using SpringBootContextLoader
00:58:30.917 [Test worker] DEBUG org.springframework.test.context.support.AbstractContextLoader - Could not detect default resource locations for test class [com.boookstore.orderservice.OrderserviceApplicationTests]: no resource found for suffixes {-context.xml, Context.groovy}.
00:58:30.918 [Test worker] INFO org.springframework.test.context.support.AnnotationConfigContextLoaderUtils - Could not detect default configuration classes for test class [com.boookstore.orderservice.OrderserviceApplicationTests]: OrderserviceApplicationTests does not declare any static, non-private, non-final, nested classes annotated with @Configuration.
00:58:30.963 [Test worker] DEBUG org.springframework.boot.test.context.SpringBootTestContextBootstrapper - Using ContextCustomizers for test class [OrderserviceApplicationTests]: [DisableObservabilityContextCustomizer, PropertyMappingContextCustomizer, Customizer, ExcludeFilterContextCustomizer, DuplicateJsonObjectContextCustomizer, MockitoContextCustomizer, TestRestTemplateContextCustomizer]
00:58:31.076 [Test worker] DEBUG org.springframework.context.annotation.ClassPathScanningCandidateComponentProvider - Identified candidate component class: file [C:\Users\gsynv\OneDrive\Masaüstü\microservices-news\order-service\build\classes\java\main\com\boookstore\orderservice\OrderserviceApplication.class]
00:58:31.079 [Test worker] INFO org.springframework.boot.test.context.SpringBootTestContextBootstrapper - Found @SpringBootConfiguration com.boookstore.orderservice.OrderserviceApplication for test class com.boookstore.orderservice.OrderserviceApplicationTests
00:58:31.274 [Test worker] DEBUG org.springframework.boot.test.context.SpringBootTestContextBootstrapper - Using TestExecutionListeners for test class [OrderserviceApplicationTests]: [ServletTestExecutionListener, DirtiesContextBeforeModesTestExecutionListener, ApplicationEventsTestExecutionListener, MockitoTestExecutionListener, DependencyInjectionTestExecutionListener, DirtiesContextTestExecutionListener, TransactionalTestExecutionListener, SqlScriptsTestExecutionListener, EventPublishingTestExecutionListener, RestDocsTestExecutionListener, MockRestServiceServerResetTestExecutionListener, MockMvcPrintOnlyOnFailureTestExecutionListener, WebDriverTestExecutionListener, MockWebServiceServerTestExecutionListener, ResetMocksTestExecutionListener]
00:58:31.277 [Test worker] DEBUG org.springframework.test.context.support.AbstractDirtiesContextTestExecutionListener - Before test class: class [OrderserviceApplicationTests], class annotated with @DirtiesContext [false] with mode [null]

  .   ____          _            __ _ _
 /\\ / ___'_ __ _ _(_)_ __  __ _ \ \ \ \
( ( )\___ | '_ | '_| | '_ \/ _` | \ \ \ \
 \\/  ___)| |_)| | | | | || (_| |  ) ) ) )
  '  |____| .__|_| |_|_| |_\__, | / / / /
 =========|_|==============|___/=/_/_/_/
 :: Spring Boot ::                (v3.0.1)

2023-01-21T00:58:31.880+04:00  INFO 15664 --- [    Test worker] c.b.o.OrderserviceApplicationTests       : Starting OrderserviceApplicationTests using Java 17.0.5 with PID 15664 (started by gsynv in C:\Users\gsynv\OneDrive\Masaüstü\microservices-news\order-service)
2023-01-21T00:58:31.882+04:00  INFO 15664 --- [    Test worker] c.b.o.OrderserviceApplicationTests       : No active profile set, falling back to 1 default profile: "default"
2023-01-21T00:58:32.953+04:00  INFO 15664 --- [    Test worker] .s.d.r.c.RepositoryConfigurationDelegate : Bootstrapping Spring Data JPA repositories in DEFAULT mode.
2023-01-21T00:58:33.051+04:00  INFO 15664 --- [    Test worker] .s.d.r.c.RepositoryConfigurationDelegate : Finished Spring Data repository scanning in 85 ms. Found 1 JPA repository interfaces.
2023-01-21T00:58:33.777+04:00  INFO 15664 --- [    Test worker] o.hibernate.jpa.internal.util.LogHelper  : HHH000204: Processing PersistenceUnitInfo [name: default]
2023-01-21T00:58:33.862+04:00  INFO 15664 --- [    Test worker] org.hibernate.Version                    : HHH000412: Hibernate ORM core version 6.1.6.Final
2023-01-21T00:58:34.150+04:00  WARN 15664 --- [    Test worker] org.hibernate.orm.deprecation            : HHH90000021: Encountered deprecated setting [javax.persistence.sharedCache.mode], use [jakarta.persistence.sharedCache.mode] instead
2023-01-21T00:58:34.385+04:00  INFO 15664 --- [    Test worker] com.zaxxer.hikari.HikariDataSource       : HikariPool-1 - Starting...
2023-01-21T00:58:34.664+04:00  INFO 15664 --- [    Test worker] com.zaxxer.hikari.pool.HikariPool        : HikariPool-1 - Added connection org.postgresql.jdbc.PgConnection@3a5e2525
2023-01-21T00:58:34.668+04:00  INFO 15664 --- [    Test worker] com.zaxxer.hikari.HikariDataSource       : HikariPool-1 - Start completed.
2023-01-21T00:58:34.756+04:00  INFO 15664 --- [    Test worker] SQL dialect                              : HHH000400: Using dialect: org.hibernate.dialect.PostgreSQLDialect
2023-01-21T00:58:36.323+04:00  INFO 15664 --- [    Test worker] o.h.e.t.j.p.i.JtaPlatformInitiator       : HHH000490: Using JtaPlatform implementation: [org.hibernate.engine.transaction.jta.platform.internal.NoJtaPlatform]
2023-01-21T00:58:36.335+04:00  INFO 15664 --- [    Test worker] j.LocalContainerEntityManagerFactoryBean : Initialized JPA EntityManagerFactory for persistence unit 'default'
2023-01-21T00:58:36.941+04:00  WARN 15664 --- [    Test worker] JpaBaseConfiguration$JpaWebConfiguration : spring.jpa.open-in-view is enabled by default. Therefore, database queries may be performed during view rendering. Explicitly configure spring.jpa.open-in-view to disable this warning
2023-01-21T00:58:37.442+04:00  INFO 15664 --- [    Test worker] c.b.o.OrderserviceApplicationTests       : Started OrderserviceApplicationTests in 6.066 seconds (process running for 7.893)
]]></system-out>
  <system-err><![CDATA[]]></system-err>
</testsuite>
